2018-01-22 23:11:19 INFO  BaseTest:51 - Start Browser ---- > Firefox
2018-01-22 23:11:19 INFO  BaseTest:56 - Browser Maximiz ---- > Firefox
2018-01-22 23:11:19 INFO  LoginTest:30 - LoginTest Open Browser Executed...
2018-01-22 23:11:31 INFO  LoginPage:29 - LoginPage LoginPage .....
2018-01-22 23:11:58 INFO  BaseTest:94 -  === Screen Shot capture === 
2018-01-22 23:11:58 INFO  LoginPage:34 - ========= Screen shot Done LoginPage =======
2018-01-22 23:11:58 INFO  LoginTest:36 - LoginTest Done...
2018-01-22 23:12:05 INFO  BaseTest:76 - ===== Browser Close Success ===== TestCase.LoginTest@70ab2d48
2018-01-26 14:21:56 INFO  BaseTest:51 - Start Browser ---- > Firefox
2018-01-26 14:21:58 INFO  BaseTest:56 - Browser Maximiz ---- > Firefox
2018-01-26 14:21:58 INFO  LoginTest:30 - LoginTest Open Browser Executed...
2018-01-26 14:22:21 INFO  LoginPage:29 - LoginPage LoginPage .....
2018-01-26 14:22:34 INFO  BaseTest:94 -  === Screen Shot capture === 
2018-01-26 14:22:34 INFO  LoginPage:34 - ========= Screen shot Done LoginPage =======
2018-01-26 14:22:34 INFO  LoginTest:36 - LoginTest Done...
2018-01-26 14:22:40 INFO  BaseTest:76 - ===== Browser Close Success ===== TestCase.LoginTest@d35dea7
2018-03-23 22:25:36 INFO  BaseTest:48 - Start Browser ---- > chrome
2018-03-23 22:25:38 INFO  BaseTest:57 - Browser Maximiz ---- > chrome
2018-03-23 22:25:38 INFO  LoginTest:29 - LoginTest Open Browser Executed...
2018-03-23 22:25:46 INFO  LoginPage:29 - LoginPage LoginPage .....
2018-03-23 22:26:08 INFO  BaseTest:95 -  === Screen Shot capture === 
2018-03-23 22:26:08 INFO  LoginPage:34 - ========= Screen shot Done LoginPage =======
2018-03-23 22:26:08 INFO  LoginTest:35 - LoginTest Done...
2018-03-23 22:26:15 INFO  BaseTest:77 - ===== Browser Close Success ===== TestCase.LoginTest@7bedc48a
2018-03-23 22:28:52 INFO  BaseTest:48 - Start Browser ---- > chrome
2018-03-23 22:28:54 INFO  BaseTest:57 - Browser Maximiz ---- > chrome
2018-03-23 22:28:54 INFO  LoginTest:30 - LoginTest Open Browser Executed...
2018-03-23 22:29:03 INFO  LoginPage:29 - LoginPage LoginPage .....
2018-03-23 22:29:42 INFO  BaseTest:77 - ===== Browser Close Success ===== TestCase.LoginTest@753432a2
2018-04-27 08:50:42 INFO  BaseTest:48 - Start Browser ---- > chrome
2018-04-27 08:50:44 INFO  BaseTest:57 - Browser Maximiz ---- > chrome
2018-04-27 08:50:44 INFO  LoginTest:30 - LoginTest Open Browser Executed...
2018-04-27 08:50:57 INFO  BaseTest:77 - ===== Browser Close Success ===== TestCase.LoginTest@d35dea7
